LSS-HASHES
Hash: SHA256

060d09ddb7a25d18ae3a006546c2f0018f15ae9efd0b6caa50d9c20fef5bad83   PACKAGEDATA
041cec7d9868593d6e93e2502c361757ce2972d914e3216b541fe987abf93310   files.lst
5dbf0a34f495c034e496ff6471fd555a0c724c4d5fe042617abd57cad99d5dd7   script.pm
0fcf66fd66bdae0b1384154fa3eccad27606e89385a8c5315b2517518180f59c X dotnetcore/libadonetHDB.so
bfa6ceb19ba4a28f9a84cc139737dca323e66cd088f420d5936fe49d66d02d83   dotnetcore/v6.0/Sap.Data.Hana.Net.v6.0.deps.json
8a1e2e0cd343ed98f1720fb55c9b28090c27f108ee7092503d644d6f94caef8e   dotnetcore/v6.0/Sap.Data.Hana.Net.v6.0.dll
6210e295eec1f8e02a43ca03951a9cea486ff0da845e91b7d31e4bab7c07b68f   dotnetcore/v6.0/Sap.EntityFrameworkCore.Hana.NetTopologySuite.v7.0.deps.json
5f5459e38768debd13c76d24c0a28cf74eec18a41f07edc38a8a7077c0485af1   dotnetcore/v6.0/Sap.EntityFrameworkCore.Hana.NetTopologySuite.v7.0.dll
a8d1520e41404abe2a52c702642b2a75b890985642d4228f8a04ba54f2ee94b0   dotnetcore/v6.0/Sap.EntityFrameworkCore.Hana.v6.0.deps.json
6cdd5a761c8911dd4e9a67d700f062a1628ca3c512bfb87385dd744187a28b7d   dotnetcore/v6.0/Sap.EntityFrameworkCore.Hana.v6.0.dll
61c473e40a3cc09d187a3f07e1331ad030cdda830c087fb2ca5c8ddc31327182   dotnetcore/v6.0/Sap.EntityFrameworkCore.Hana.v7.0.deps.json
b4fe1585991945cff08a7750e1f9a4cadee2ca8d751b7d01a17bc4f34c5ddbe4   dotnetcore/v6.0/Sap.EntityFrameworkCore.Hana.v7.0.dll
9c79c6500fe53eeca5e967c008ad80653dffabf97d947e0107af38c91eeffd6c   dotnetcore/v8.0/Sap.Data.Hana.Net.v8.0.deps.json
5916ba3098aa69b2707d4daf75f803197690a13f5ec435a17f5e0af5f8f1f74a   dotnetcore/v8.0/Sap.Data.Hana.Net.v8.0.dll
1184968a7e3db9578af8e78f13bc061910e72bd36e7d94b8a79f4bc15b465175   dotnetcore/v8.0/Sap.EntityFrameworkCore.Hana.NetTopologySuite.v8.0.deps.json
d513c9e119f91b6e50e3283d8a1a6b5c3fc8c55b1230a01371d1acbbf9eb22ba   dotnetcore/v8.0/Sap.EntityFrameworkCore.Hana.NetTopologySuite.v8.0.dll
2e05dedca6e461fc0fbef450096f10aa444675c8de5c6aa7150bec4b049e68c9   dotnetcore/v8.0/Sap.EntityFrameworkCore.Hana.NetTopologySuite.v9.0.deps.json
ca4c098a95860d9d3c8fb360a516217036fc3f775790cabf336c1292bfc4a5ea   dotnetcore/v8.0/Sap.EntityFrameworkCore.Hana.NetTopologySuite.v9.0.dll
3790721c7b6aa9755185d5c0a9f7abe349a08c6cbf2847a9ae5fff536d54b368   dotnetcore/v8.0/Sap.EntityFrameworkCore.Hana.v8.0.deps.json
f5d96b9fd63517ba58a1cb50dfee4d6768511d11ed88a0c8460dcaca60d9cddf   dotnetcore/v8.0/Sap.EntityFrameworkCore.Hana.v8.0.dll
173e0177110ccaf46bb7d2d7c6c546c57528940f9c999d48a7bfa9d7d2530c87   dotnetcore/v8.0/Sap.EntityFrameworkCore.Hana.v9.0.deps.json
ba80af0e41d5b65217423e7086fad44c1ef05b269247ccbe014ecc6bde935d89   dotnetcore/v8.0/Sap.EntityFrameworkCore.Hana.v9.0.dll
