LSS-HASHES
Hash: SHA256

5bd045f4f3cf0376de726c9536067d66c4b90f7424ffc2b335de71864aa6a1c7   PACKAGEDATA
bfb694db2a88999b6e6cecdaac41de3db6b63d3e368563a5c546d930ad2167a1   files.lst
e809d146061f97d2a231a284e454aabe4543fbd43591bbc3a77c9cf7e6ab726c   script.pm
6433815490d34ad35c7e9b91a934502ce6f73474e16a5138674e2c8fdf5158f2   examples/dotnetcore/Example1/Example1.csproj
395359768285d5f5f1f7983f2ef75170650ac81872280877a0da450e0c64ed1d   examples/dotnetcore/Example1/Program.cs
6433815490d34ad35c7e9b91a934502ce6f73474e16a5138674e2c8fdf5158f2   examples/dotnetcore/Example2/Example2.csproj
f7a0fffb3db457f91fb13ee4436b04a89de545e98125b821392d4f49e004aa6c   examples/dotnetcore/Example2/Program.cs
6d5ee97bdcc11bbd24487f7a43eade11b73d2828ffd3545ce60b1ac9b0672a8a   examples/dotnetcore/Example3/Example3.csproj
8b90e3a73a00bbd16972c619d003010c1ffb3aeb10bd3c1c74cbb0664ce7141a   examples/dotnetcore/Example3/Program.cs
ac19b0f4ac24a6372eccdd2432009417af4c0399d6ded2e03fd8c27ccec5080c   examples/dotnetcore/readme.txt
820a9a2762c31b6167b54c167ed3fbaa35e366c7db68825f12475b8126a48b28   examples/golang/src/lobs/lob_examples.go
9b1e3092ed2fb9a64a02c28c4cf962511c23233abc7a86998a279e9adf2b885a   examples/golang/src/statement/statement_examples.go
be32a382f6424b4430af2a015b9b76cf856bd0bc23707ca514c971517b0ed19a   examples/golang/src/transactions/transaction_examples.go
91662fbcdc4bdc052d9788bd2e5024ac8685789be7e6ea9a7981c6d4793eb1dc   examples/golang/src/vendor_errors/error_examples.go
e650478eb79aafe06fcdbcb4ced3b3c2ebec6c996da396238360a19b717fef9b   examples/node/app1.js
f0784e2416b1ecb034224826a76019cf10beb13c6397fe245e906470036b09cf   examples/node/app2.js
21a6b9cfcd0c1fd42ad9c1def5911f0ca201add7e534aecf1a20d001743989cb   examples/node/app3.js
c42167ee8313662faf4fa32cc3a18a6a0e04ce92833c67b3cd64c366f0df4d1e   examples/node/readme.txt
a9071c7206e89e7906cd64157ebac14c422196f69ac66ca2520793a3a4c10b1d   examples/readme.txt
